<?xml version="1.0" encoding="UTF-8"?>
<coverage generated="1584921689661" clover="3.2.0">
  <project timestamp="1584921689661" name="All files">
    <metrics statements="14" coveredstatements="12" conditionals="4" coveredconditionals="3" methods="2" coveredmethods="2" elements="20" coveredelements="17" complexity="0" loc="14" ncloc="14" packages="2" files="2" classes="2"/>
    <package name="arrayMap">
      <metrics statements="5" coveredstatements="5" conditionals="0" coveredconditionals="0" methods="1" coveredmethods="1"/>
      <file name="array-map.js" path="/Users/janellemellor/alchemy/career-track/data-structures-and-algorithims/challenges/arrayMap/array-map.js">
        <metrics statements="5" coveredstatements="5" conditionals="0" coveredconditionals="0" methods="1" coveredmethods="1"/>
        <line num="5" count="2" type="stmt"/>
        <line num="7" count="2" type="stmt"/>
        <line num="9" count="6" type="stmt"/>
        <line num="11" count="2" type="stmt"/>
        <line num="15" count="1" type="stmt"/>
      </file>
    </package>
    <package name="arrayShift">
      <metrics statements="9" coveredstatements="7" conditionals="4" coveredconditionals="3" methods="1" coveredmethods="1"/>
      <file name="array-shift.js" path="/Users/janellemellor/alchemy/career-track/data-structures-and-algorithims/challenges/arrayShift/array-shift.js">
        <metrics statements="9" coveredstatements="7" conditionals="4" coveredconditionals="3" methods="1" coveredmethods="1"/>
        <line num="5" count="2" type="stmt"/>
        <line num="8" count="2" type="stmt"/>
        <line num="11" count="2" type="cond" truecount="1" falsecount="1"/>
        <line num="12" count="0" type="stmt"/>
        <line num="15" count="2" type="cond" truecount="2" falsecount="0"/>
        <line num="16" count="1" type="stmt"/>
        <line num="20" count="1" type="stmt"/>
        <line num="24" count="0" type="stmt"/>
        <line num="27" count="1" type="stmt"/>
      </file>
    </package>
  </project>
</coverage>
