{"/Users/janellemellor/alchemy/career-track/data-structures-and-algorithims/challenges/arrayMap/array-map.js": {"path":"/Users/janellemellor/alchemy/career-track/data-structures-and-algorithims/challenges/arrayMap/array-map.js","statementMap":{"0":{"start":{"line":5,"column":17},"end":{"line":5,"column":19}},"1":{"start":{"line":7,"column":2},"end":{"line":11,"column":3}},"2":{"start":{"line":7,"column":14},"end":{"line":7,"column":15}},"3":{"start":{"line":9,"column":4},"end":{"line":9,"column":31}},"4":{"start":{"line":11,"column":6},"end":{"line":11,"column":22}},"5":{"start":{"line":15,"column":0},"end":{"line":17,"column":2}}},"fnMap":{"0":{"name":"map","decl":{"start":{"line":3,"column":9},"end":{"line":3,"column":12}},"loc":{"start":{"line":3,"column":24},"end":{"line":12,"column":1}},"line":3}},"branchMap":{},"s":{"0":2,"1":2,"2":2,"3":6,"4":2,"5":1},"f":{"0":2},"b":{},"_coverageSchema":"1a1c01bbd47fc00a2c39e90264f33305004495a9","hash":"515a20fa1c433fc349041de7362944dbc089a0ea"}
}
