TN:
SF:/Users/janellemellor/alchemy/career-track/tdd-with-jest/lib/Model.js
FN:13,(anonymous_0)
FN:20,(anonymous_1)
FN:27,(anonymous_2)
FN:32,(anonymous_3)
FN:37,(anonymous_4)
FN:42,(anonymous_5)
FNF:6
FNH:6
FNDA:1,(anonymous_0)
FNDA:5,(anonymous_1)
FNDA:1,(anonymous_2)
FNDA:1,(anonymous_3)
FNDA:1,(anonymous_4)
FNDA:1,(anonymous_5)
DA:1,1
DA:10,1
DA:12,1
DA:14,1
DA:15,1
DA:16,1
DA:21,5
DA:22,5
DA:23,5
DA:28,1
DA:33,1
DA:38,1
DA:43,1
LF:13
LH:13
BRF:0
BRH:0
end_of_record
TN:
SF:/Users/janellemellor/alchemy/career-track/tdd-with-jest/lib/Schema.js
FN:13,(anonymous_0)
FN:18,(anonymous_1)
FN:24,(anonymous_2)
FN:28,(anonymous_3)
FNF:4
FNH:4
FNDA:3,(anonymous_0)
FNDA:9,(anonymous_1)
FNDA:7,(anonymous_2)
FNDA:21,(anonymous_3)
DA:1,2
DA:3,2
DA:14,3
DA:16,3
DA:18,9
DA:25,7
DA:26,7
DA:27,7
DA:30,21
DA:32,21
DA:34,2
DA:38,7
DA:39,1
DA:42,6
LF:14
LH:14
BRDA:38,0,0,1
BRDA:38,0,1,6
BRF:2
BRH:2
end_of_record
TN:
SF:/Users/janellemellor/alchemy/career-track/tdd-with-jest/lib/Validator.js
FN:3,(anonymous_0)
FN:10,(anonymous_1)
FNF:2
FNH:2
FNDA:11,(anonymous_0)
FNDA:27,(anonymous_1)
DA:1,3
DA:2,3
DA:4,11
DA:5,11
DA:6,11
DA:7,11
DA:11,27
DA:12,27
DA:13,25
DA:15,24
LF:10
LH:10
BRDA:12,0,0,2
BRDA:12,0,1,25
BRDA:12,1,0,27
BRDA:12,1,1,15
BRDA:13,2,0,1
BRDA:13,2,1,24
BRDA:13,3,0,25
BRDA:13,3,1,12
BRF:8
BRH:8
end_of_record
TN:
SF:/Users/janellemellor/alchemy/career-track/tdd-with-jest/lib/file-system.js
FN:3,mkdirp
FN:7,writeJSON
FN:9,(anonymous_2)
FN:12,readJSON
FN:14,(anonymous_4)
FN:18,readDirectoryJSON
FN:20,(anonymous_6)
FN:21,(anonymous_7)
FN:26,updateJSON
FN:28,(anonymous_9)
FN:34,deleteFile
FNF:11
FNH:11
FNDA:2,mkdirp
FNDA:8,writeJSON
FNDA:8,(anonymous_2)
FNDA:190,readJSON
FNDA:190,(anonymous_4)
FNDA:2,readDirectoryJSON
FNDA:2,(anonymous_6)
FNDA:186,(anonymous_7)
FNDA:2,updateJSON
FNDA:2,(anonymous_9)
FNDA:2,deleteFile
DA:1,2
DA:4,2
DA:8,8
DA:9,8
DA:13,190
DA:15,190
DA:19,2
DA:21,2
DA:22,186
DA:27,2
DA:29,2
DA:30,2
DA:35,2
DA:40,2
LF:14
LH:14
BRF:0
BRH:0
end_of_record
TN:
SF:/Users/janellemellor/alchemy/career-track/tdd-with-jest/lib/types.js
FN:4,(anonymous_0)
FN:6,(anonymous_1)
FN:8,(anonymous_2)
FN:10,(anonymous_3)
FN:12,(anonymous_4)
FN:14,(anonymous_5)
FN:17,(anonymous_6)
FN:31,(anonymous_7)
FN:41,(anonymous_8)
FN:53,(anonymous_9)
FN:53,(anonymous_10)
FN:66,(anonymous_11)
FN:87,(anonymous_12)
FNF:13
FNH:13
FNDA:29,(anonymous_0)
FNDA:31,(anonymous_1)
FNDA:18,(anonymous_2)
FNDA:27,(anonymous_3)
FNDA:6,(anonymous_4)
FNDA:6,(anonymous_5)
FNDA:23,(anonymous_6)
FNDA:18,(anonymous_7)
FNDA:6,(anonymous_8)
FNDA:4,(anonymous_9)
FNDA:3,(anonymous_10)
FNDA:10,(anonymous_11)
FNDA:16,(anonymous_12)
DA:4,29
DA:6,31
DA:8,18
DA:10,27
DA:12,6
DA:14,6
DA:17,4
DA:19,23
DA:21,7
DA:23,5
DA:25,3
DA:27,2
DA:31,4
DA:33,18
DA:34,9
DA:36,9
DA:37,5
DA:41,4
DA:43,6
DA:45,4
DA:47,3
DA:49,2
DA:53,4
DA:54,3
DA:56,3
DA:60,2
DA:68,10
DA:70,10
DA:71,10
DA:72,10
DA:77,4
DA:87,4
DA:89,16
DA:90,15
DA:94,4
LF:35
LH:35
BRDA:12,0,0,6
BRDA:12,0,1,2
BRDA:19,1,0,16
BRDA:19,1,1,7
BRDA:21,2,0,2
BRDA:21,2,1,5
BRDA:23,3,0,2
BRDA:23,3,1,3
BRDA:25,4,0,1
BRDA:25,4,1,2
BRDA:33,5,0,9
BRDA:33,5,1,9
BRDA:36,6,0,4
BRDA:36,6,1,5
BRDA:43,7,0,2
BRDA:43,7,1,4
BRDA:45,8,0,1
BRDA:45,8,1,3
BRDA:47,9,0,1
BRDA:47,9,1,2
BRDA:89,10,0,1
BRDA:89,10,1,15
BRDA:90,11,0,15
BRDA:90,11,1,1
BRF:24
BRH:24
end_of_record
