TN:
SF:challenges/arrayBinarySearch/array-binary-search.js
FN:4,binarySearch
FNF:1
FNH:1
FNDA:2,binarySearch
DA:6,2
DA:8,2
DA:10,0
DA:13,2
DA:15,2
DA:20,1
LF:6
LH:5
BRDA:8,0,0,0
BRDA:8,0,1,2
BRDA:13,1,0,2
BRDA:13,1,1,0
BRF:4
BRH:2
end_of_record
TN:
SF:challenges/arrayMap/array-map.js
FN:3,map
FNF:1
FNH:1
FNDA:2,map
DA:5,2
DA:7,2
DA:9,6
DA:11,2
DA:15,1
LF:5
LH:5
BRF:0
BRH:0
end_of_record
TN:
SF:challenges/arrayShift/array-shift.js
FN:3,insertShiftArray
FNF:1
FNH:1
FNDA:2,insertShiftArray
DA:5,2
DA:7,2
DA:10,2
DA:13,11
DA:14,5
DA:17,6
DA:18,2
DA:22,4
DA:26,2
DA:29,1
LF:10
LH:10
BRDA:13,0,0,5
BRDA:13,0,1,6
BRDA:17,1,0,2
BRDA:17,1,1,4
BRF:4
BRH:4
end_of_record
